<?xml version="1.0" encoding="UTF-8"?>
<robot generator="Robot 4.1.2 (Python 3.8.5 on win32)" generated="20211213 17:37:43.147" rpa="false" schemaversion="2">
<suite id="s1" name="Tests" source="C:\Users\Jacob\Desktop\selenium_test\SeleniumIDE &amp; RobotFramework Practice\tests">
<suite id="s1-s1" name="Valid Login" source="C:\Users\Jacob\Desktop\selenium_test\SeleniumIDE &amp; RobotFramework Practice\tests\valid_login.robot">
<test id="s1-s1-t1" name="Valid login">
<kw name="Open Browser To Login Page" library="resource">
<kw name="Open Browser" library="SeleniumLibrary">
<arg>${LOGIN URL}</arg>
<arg>${BROWSER}</arg>
<doc>Opens a new browser instance to the optional ``url``.</doc>
<msg timestamp="20211213 17:37:43.376" level="INFO">Opening browser 'chrome' to base url 'https://www.saucedemo.com/'.</msg>
<status status="PASS" starttime="20211213 17:37:43.376" endtime="20211213 17:37:46.431"/>
</kw>
<kw name="Maximize Browser Window" library="SeleniumLibrary">
<doc>Maximizes current browser window.</doc>
<status status="PASS" starttime="20211213 17:37:46.431" endtime="20211213 17:37:46.542"/>
</kw>
<kw name="Set Selenium Speed" library="SeleniumLibrary">
<arg>${DELAY}</arg>
<doc>Sets the delay that is waited after each Selenium command.</doc>
<status status="PASS" starttime="20211213 17:37:46.543" endtime="20211213 17:37:46.543"/>
</kw>
<kw name="Login Page Should Be Open" library="resource">
<kw name="Page Should Contain Element" library="SeleniumLibrary">
<arg>login-button</arg>
<doc>Verifies that element ``locator`` is found on the current page.</doc>
<msg timestamp="20211213 17:37:47.054" level="INFO">Current page contains element 'login-button'.</msg>
<status status="PASS" starttime="20211213 17:37:46.543" endtime="20211213 17:37:47.054"/>
</kw>
<status status="PASS" starttime="20211213 17:37:46.543" endtime="20211213 17:37:47.054"/>
</kw>
<status status="PASS" starttime="20211213 17:37:43.375" endtime="20211213 17:37:47.054"/>
</kw>
<kw name="Input Username" library="resource">
<arg>${STANDARD USER}</arg>
<kw name="Input Text" library="SeleniumLibrary">
<arg>user-name</arg>
<arg>${username}</arg>
<doc>Types the given ``text`` into the text field identified by ``locator``.</doc>
<msg timestamp="20211213 17:37:47.055" level="INFO">Typing text 'standard_user' into text field 'user-name'.</msg>
<status status="PASS" starttime="20211213 17:37:47.055" endtime="20211213 17:37:48.629"/>
</kw>
<status status="PASS" starttime="20211213 17:37:47.055" endtime="20211213 17:37:48.629"/>
</kw>
<kw name="Input Pass" library="resource">
<arg>${VALID PASSWORD}</arg>
<kw name="Input Password" library="SeleniumLibrary">
<arg>password</arg>
<arg>${password}</arg>
<doc>Types the given password into the text field identified by ``locator``.</doc>
<msg timestamp="20211213 17:37:48.630" level="INFO">Typing password into text field 'password'.</msg>
<msg timestamp="20211213 17:37:49.662" level="INFO">Temporally setting log level to: NONE</msg>
<msg timestamp="20211213 17:37:50.199" level="INFO">Log level changed from NONE to INFO.</msg>
<status status="PASS" starttime="20211213 17:37:48.630" endtime="20211213 17:37:50.199"/>
</kw>
<status status="PASS" starttime="20211213 17:37:48.629" endtime="20211213 17:37:50.199"/>
</kw>
<kw name="Submit Credentials" library="resource">
<kw name="Click Button" library="SeleniumLibrary">
<arg>login-button</arg>
<doc>Clicks the button identified by ``locator``.</doc>
<msg timestamp="20211213 17:37:50.200" level="INFO">Clicking button 'login-button'.</msg>
<status status="PASS" starttime="20211213 17:37:50.200" endtime="20211213 17:37:51.792"/>
</kw>
<status status="PASS" starttime="20211213 17:37:50.200" endtime="20211213 17:37:51.792"/>
</kw>
<kw name="Inventory Page Should Be Open" library="resource">
<kw name="Page Should Contain Image" library="SeleniumLibrary">
<arg>/static/media/sauce-backpack-1200x1500.34e7aa42.jpg</arg>
<doc>Verifies image identified by ``locator`` is found from current page.</doc>
<msg timestamp="20211213 17:37:52.805" level="INFO">Current page contains image '/static/media/sauce-backpack-1200x1500.34e7aa42.jpg'.</msg>
<status status="PASS" starttime="20211213 17:37:51.793" endtime="20211213 17:37:52.805"/>
</kw>
<status status="PASS" starttime="20211213 17:37:51.792" endtime="20211213 17:37:52.805"/>
</kw>
<kw name="Close Browser" library="SeleniumLibrary" type="TEARDOWN">
<doc>Closes the current browser.</doc>
<status status="PASS" starttime="20211213 17:37:52.806" endtime="20211213 17:37:55.344"/>
</kw>
<status status="PASS" starttime="20211213 17:37:43.375" endtime="20211213 17:37:55.344"/>
</test>
<test id="s1-s1-t2" name="Locked Out Login">
<kw name="Open Browser To Login Page" library="resource">
<kw name="Open Browser" library="SeleniumLibrary">
<arg>${LOGIN URL}</arg>
<arg>${BROWSER}</arg>
<doc>Opens a new browser instance to the optional ``url``.</doc>
<msg timestamp="20211213 17:37:55.347" level="INFO">Opening browser 'chrome' to base url 'https://www.saucedemo.com/'.</msg>
<status status="PASS" starttime="20211213 17:37:55.347" endtime="20211213 17:37:59.867"/>
</kw>
<kw name="Maximize Browser Window" library="SeleniumLibrary">
<doc>Maximizes current browser window.</doc>
<status status="PASS" starttime="20211213 17:37:59.867" endtime="20211213 17:38:00.480"/>
</kw>
<kw name="Set Selenium Speed" library="SeleniumLibrary">
<arg>${DELAY}</arg>
<doc>Sets the delay that is waited after each Selenium command.</doc>
<status status="PASS" starttime="20211213 17:38:00.480" endtime="20211213 17:38:00.480"/>
</kw>
<kw name="Login Page Should Be Open" library="resource">
<kw name="Page Should Contain Element" library="SeleniumLibrary">
<arg>login-button</arg>
<doc>Verifies that element ``locator`` is found on the current page.</doc>
<msg timestamp="20211213 17:38:00.991" level="INFO">Current page contains element 'login-button'.</msg>
<status status="PASS" starttime="20211213 17:38:00.480" endtime="20211213 17:38:00.991"/>
</kw>
<status status="PASS" starttime="20211213 17:38:00.480" endtime="20211213 17:38:00.991"/>
</kw>
<status status="PASS" starttime="20211213 17:37:55.346" endtime="20211213 17:38:00.991"/>
</kw>
<kw name="Input Username" library="resource">
<arg>${LOCKED OUT USER}</arg>
<kw name="Input Text" library="SeleniumLibrary">
<arg>user-name</arg>
<arg>${username}</arg>
<doc>Types the given ``text`` into the text field identified by ``locator``.</doc>
<msg timestamp="20211213 17:38:00.992" level="INFO">Typing text 'locked_out_user' into text field 'user-name'.</msg>
<status status="PASS" starttime="20211213 17:38:00.992" endtime="20211213 17:38:02.567"/>
</kw>
<status status="PASS" starttime="20211213 17:38:00.991" endtime="20211213 17:38:02.567"/>
</kw>
<kw name="Input Pass" library="resource">
<arg>${VALID PASSWORD}</arg>
<kw name="Input Password" library="SeleniumLibrary">
<arg>password</arg>
<arg>${password}</arg>
<doc>Types the given password into the text field identified by ``locator``.</doc>
<msg timestamp="20211213 17:38:02.568" level="INFO">Typing password into text field 'password'.</msg>
<msg timestamp="20211213 17:38:03.600" level="INFO">Temporally setting log level to: NONE</msg>
<msg timestamp="20211213 17:38:04.136" level="INFO">Log level changed from NONE to INFO.</msg>
<status status="PASS" starttime="20211213 17:38:02.568" endtime="20211213 17:38:04.136"/>
</kw>
<status status="PASS" starttime="20211213 17:38:02.567" endtime="20211213 17:38:04.136"/>
</kw>
<kw name="Submit Credentials" library="resource">
<kw name="Click Button" library="SeleniumLibrary">
<arg>login-button</arg>
<doc>Clicks the button identified by ``locator``.</doc>
<msg timestamp="20211213 17:38:04.137" level="INFO">Clicking button 'login-button'.</msg>
<status status="PASS" starttime="20211213 17:38:04.137" endtime="20211213 17:38:05.699"/>
</kw>
<status status="PASS" starttime="20211213 17:38:04.137" endtime="20211213 17:38:05.699"/>
</kw>
<kw name="Element Text Should Be" library="SeleniumLibrary">
<arg>xpath://*[@id="login_button_container"]/div/form/div[3]/h3</arg>
<arg>Epic sadface: Sorry, this user has been locked out.</arg>
<doc>Verifies that element ``locator`` contains exact the text ``expected``.</doc>
<msg timestamp="20211213 17:38:05.700" level="INFO">Verifying element 'xpath://*[@id="login_button_container"]/div/form/div[3]/h3' contains exact text 'Epic sadface: Sorry, this user has been locked out.'.</msg>
<status status="PASS" starttime="20211213 17:38:05.699" endtime="20211213 17:38:06.721"/>
</kw>
<kw name="Close Browser" library="SeleniumLibrary" type="TEARDOWN">
<doc>Closes the current browser.</doc>
<status status="PASS" starttime="20211213 17:38:06.721" endtime="20211213 17:38:09.255"/>
</kw>
<status status="PASS" starttime="20211213 17:37:55.346" endtime="20211213 17:38:09.255"/>
</test>
<test id="s1-s1-t3" name="Wrong Password Login">
<kw name="Open Browser To Login Page" library="resource">
<kw name="Open Browser" library="SeleniumLibrary">
<arg>${LOGIN URL}</arg>
<arg>${BROWSER}</arg>
<doc>Opens a new browser instance to the optional ``url``.</doc>
<msg timestamp="20211213 17:38:09.258" level="INFO">Opening browser 'chrome' to base url 'https://www.saucedemo.com/'.</msg>
<status status="PASS" starttime="20211213 17:38:09.257" endtime="20211213 17:38:12.964"/>
</kw>
<kw name="Maximize Browser Window" library="SeleniumLibrary">
<doc>Maximizes current browser window.</doc>
<status status="PASS" starttime="20211213 17:38:12.964" endtime="20211213 17:38:13.578"/>
</kw>
<kw name="Set Selenium Speed" library="SeleniumLibrary">
<arg>${DELAY}</arg>
<doc>Sets the delay that is waited after each Selenium command.</doc>
<status status="PASS" starttime="20211213 17:38:13.578" endtime="20211213 17:38:13.578"/>
</kw>
<kw name="Login Page Should Be Open" library="resource">
<kw name="Page Should Contain Element" library="SeleniumLibrary">
<arg>login-button</arg>
<doc>Verifies that element ``locator`` is found on the current page.</doc>
<msg timestamp="20211213 17:38:14.087" level="INFO">Current page contains element 'login-button'.</msg>
<status status="PASS" starttime="20211213 17:38:13.578" endtime="20211213 17:38:14.087"/>
</kw>
<status status="PASS" starttime="20211213 17:38:13.578" endtime="20211213 17:38:14.087"/>
</kw>
<status status="PASS" starttime="20211213 17:38:09.257" endtime="20211213 17:38:14.087"/>
</kw>
<kw name="Input Username" library="resource">
<arg>${STANDARD USER}</arg>
<kw name="Input Text" library="SeleniumLibrary">
<arg>user-name</arg>
<arg>${username}</arg>
<doc>Types the given ``text`` into the text field identified by ``locator``.</doc>
<msg timestamp="20211213 17:38:14.088" level="INFO">Typing text 'standard_user' into text field 'user-name'.</msg>
<status status="PASS" starttime="20211213 17:38:14.088" endtime="20211213 17:38:15.668"/>
</kw>
<status status="PASS" starttime="20211213 17:38:14.088" endtime="20211213 17:38:15.668"/>
</kw>
<kw name="Input Pass" library="resource">
<arg>${INVALID PASSWORD}</arg>
<kw name="Input Password" library="SeleniumLibrary">
<arg>password</arg>
<arg>${password}</arg>
<doc>Types the given password into the text field identified by ``locator``.</doc>
<msg timestamp="20211213 17:38:15.669" level="INFO">Typing password into text field 'password'.</msg>
<msg timestamp="20211213 17:38:16.702" level="INFO">Temporally setting log level to: NONE</msg>
<msg timestamp="20211213 17:38:17.240" level="INFO">Log level changed from NONE to INFO.</msg>
<status status="PASS" starttime="20211213 17:38:15.669" endtime="20211213 17:38:17.240"/>
</kw>
<status status="PASS" starttime="20211213 17:38:15.668" endtime="20211213 17:38:17.240"/>
</kw>
<kw name="Submit Credentials" library="resource">
<kw name="Click Button" library="SeleniumLibrary">
<arg>login-button</arg>
<doc>Clicks the button identified by ``locator``.</doc>
<msg timestamp="20211213 17:38:17.241" level="INFO">Clicking button 'login-button'.</msg>
<status status="PASS" starttime="20211213 17:38:17.241" endtime="20211213 17:38:18.799"/>
</kw>
<status status="PASS" starttime="20211213 17:38:17.240" endtime="20211213 17:38:18.799"/>
</kw>
<kw name="Element Text Should Be" library="SeleniumLibrary">
<arg>xpath://*[@id="login_button_container"]/div/form/div[3]/h3</arg>
<arg>Epic sadface: Username and password do not match any user in this service</arg>
<doc>Verifies that element ``locator`` contains exact the text ``expected``.</doc>
<msg timestamp="20211213 17:38:18.800" level="INFO">Verifying element 'xpath://*[@id="login_button_container"]/div/form/div[3]/h3' contains exact text 'Epic sadface: Username and password do not match any user in this service'.</msg>
<status status="PASS" starttime="20211213 17:38:18.799" endtime="20211213 17:38:19.822"/>
</kw>
<kw name="Close Browser" library="SeleniumLibrary" type="TEARDOWN">
<doc>Closes the current browser.</doc>
<status status="PASS" starttime="20211213 17:38:19.822" endtime="20211213 17:38:22.360"/>
</kw>
<status status="PASS" starttime="20211213 17:38:09.257" endtime="20211213 17:38:22.360"/>
</test>
<test id="s1-s1-t4" name="Problem login">
<kw name="Open Browser To Login Page" library="resource">
<kw name="Open Browser" library="SeleniumLibrary">
<arg>${LOGIN URL}</arg>
<arg>${BROWSER}</arg>
<doc>Opens a new browser instance to the optional ``url``.</doc>
<msg timestamp="20211213 17:38:22.363" level="INFO">Opening browser 'chrome' to base url 'https://www.saucedemo.com/'.</msg>
<status status="PASS" starttime="20211213 17:38:22.363" endtime="20211213 17:38:26.312"/>
</kw>
<kw name="Maximize Browser Window" library="SeleniumLibrary">
<doc>Maximizes current browser window.</doc>
<status status="PASS" starttime="20211213 17:38:26.312" endtime="20211213 17:38:26.923"/>
</kw>
<kw name="Set Selenium Speed" library="SeleniumLibrary">
<arg>${DELAY}</arg>
<doc>Sets the delay that is waited after each Selenium command.</doc>
<status status="PASS" starttime="20211213 17:38:26.923" endtime="20211213 17:38:26.923"/>
</kw>
<kw name="Login Page Should Be Open" library="resource">
<kw name="Page Should Contain Element" library="SeleniumLibrary">
<arg>login-button</arg>
<doc>Verifies that element ``locator`` is found on the current page.</doc>
<msg timestamp="20211213 17:38:27.434" level="INFO">Current page contains element 'login-button'.</msg>
<status status="PASS" starttime="20211213 17:38:26.924" endtime="20211213 17:38:27.434"/>
</kw>
<status status="PASS" starttime="20211213 17:38:26.923" endtime="20211213 17:38:27.434"/>
</kw>
<status status="PASS" starttime="20211213 17:38:22.362" endtime="20211213 17:38:27.434"/>
</kw>
<kw name="Input Username" library="resource">
<arg>${PROBLEM USER}</arg>
<kw name="Input Text" library="SeleniumLibrary">
<arg>user-name</arg>
<arg>${username}</arg>
<doc>Types the given ``text`` into the text field identified by ``locator``.</doc>
<msg timestamp="20211213 17:38:27.435" level="INFO">Typing text 'problem_user' into text field 'user-name'.</msg>
<status status="PASS" starttime="20211213 17:38:27.435" endtime="20211213 17:38:29.005"/>
</kw>
<status status="PASS" starttime="20211213 17:38:27.434" endtime="20211213 17:38:29.005"/>
</kw>
<kw name="Input Pass" library="resource">
<arg>${VALID PASSWORD}</arg>
<kw name="Input Password" library="SeleniumLibrary">
<arg>password</arg>
<arg>${password}</arg>
<doc>Types the given password into the text field identified by ``locator``.</doc>
<msg timestamp="20211213 17:38:29.006" level="INFO">Typing password into text field 'password'.</msg>
<msg timestamp="20211213 17:38:30.038" level="INFO">Temporally setting log level to: NONE</msg>
<msg timestamp="20211213 17:38:30.577" level="INFO">Log level changed from NONE to INFO.</msg>
<status status="PASS" starttime="20211213 17:38:29.006" endtime="20211213 17:38:30.577"/>
</kw>
<status status="PASS" starttime="20211213 17:38:29.005" endtime="20211213 17:38:30.577"/>
</kw>
<kw name="Submit Credentials" library="resource">
<kw name="Click Button" library="SeleniumLibrary">
<arg>login-button</arg>
<doc>Clicks the button identified by ``locator``.</doc>
<msg timestamp="20211213 17:38:30.578" level="INFO">Clicking button 'login-button'.</msg>
<status status="PASS" starttime="20211213 17:38:30.578" endtime="20211213 17:38:32.168"/>
</kw>
<status status="PASS" starttime="20211213 17:38:30.577" endtime="20211213 17:38:32.168"/>
</kw>
<kw name="Inventory Page Should Be Bugged" library="resource">
<kw name="Page Should Contain Image" library="SeleniumLibrary">
<arg>/static/media/sl-404.168b1cce.jpg</arg>
<doc>Verifies image identified by ``locator`` is found from current page.</doc>
<msg timestamp="20211213 17:38:33.182" level="INFO">Current page contains image '/static/media/sl-404.168b1cce.jpg'.</msg>
<status status="PASS" starttime="20211213 17:38:32.169" endtime="20211213 17:38:33.182"/>
</kw>
<status status="PASS" starttime="20211213 17:38:32.168" endtime="20211213 17:38:33.182"/>
</kw>
<kw name="Close Browser" library="SeleniumLibrary" type="TEARDOWN">
<doc>Closes the current browser.</doc>
<status status="PASS" starttime="20211213 17:38:33.182" endtime="20211213 17:38:35.720"/>
</kw>
<status status="PASS" starttime="20211213 17:38:22.362" endtime="20211213 17:38:35.720"/>
</test>
<doc>A test suite with a single test for valid login

This test follows the example using keywords from
the SeleniumLibrary</doc>
<status status="PASS" starttime="20211213 17:37:43.171" endtime="20211213 17:38:35.723"/>
</suite>
<status status="PASS" starttime="20211213 17:37:43.148" endtime="20211213 17:38:35.726"/>
</suite>
<statistics>
<total>
<stat pass="4" fail="0" skip="0">All Tests</stat>
</total>
<tag>
</tag>
<suite>
<stat pass="4" fail="0" skip="0" id="s1" name="Tests">Tests</stat>
<stat pass="4" fail="0" skip="0" id="s1-s1" name="Valid Login">Tests.Valid Login</stat>
</suite>
</statistics>
<errors>
</errors>
</robot>
